c:\users\guestlyon\source\repos\sfml_project_shoot_m_up\sfml_project_shoot_m_up\x64\debug\vc143.pdb
c:\users\guestlyon\source\repos\sfml_project_shoot_m_up\sfml_project_shoot_m_up\x64\debug\vc143.idb
c:\users\guestlyon\source\repos\sfml_project_shoot_m_up\sfml_project_shoot_m_up\x64\debug\timer.obj
c:\users\guestlyon\source\repos\sfml_project_shoot_m_up\sfml_project_shoot_m_up\x64\debug\state.obj
c:\users\guestlyon\source\repos\sfml_project_shoot_m_up\sfml_project_shoot_m_up\x64\debug\spaceship.obj
c:\users\guestlyon\source\repos\sfml_project_shoot_m_up\sfml_project_shoot_m_up\x64\debug\sfml_project_shoot_m_up.obj
c:\users\guestlyon\source\repos\sfml_project_shoot_m_up\sfml_project_shoot_m_up\x64\debug\projectile.obj
c:\users\guestlyon\source\repos\sfml_project_shoot_m_up\sfml_project_shoot_m_up\x64\debug\player.obj
c:\users\guestlyon\source\repos\sfml_project_shoot_m_up\sfml_project_shoot_m_up\x64\debug\obstacle.obj
c:\users\guestlyon\source\repos\sfml_project_shoot_m_up\sfml_project_shoot_m_up\x64\debug\objectstate.obj
c:\users\guestlyon\source\repos\sfml_project_shoot_m_up\sfml_project_shoot_m_up\x64\debug\level.obj
c:\users\guestlyon\source\repos\sfml_project_shoot_m_up\sfml_project_shoot_m_up\x64\debug\gamestate.obj
c:\users\guestlyon\source\repos\sfml_project_shoot_m_up\sfml_project_shoot_m_up\x64\debug\gameobject.obj
c:\users\guestlyon\source\repos\sfml_project_shoot_m_up\sfml_project_shoot_m_up\x64\debug\gamemanager.obj
c:\users\guestlyon\source\repos\sfml_project_shoot_m_up\sfml_project_shoot_m_up\x64\debug\enemyspaceship.obj
c:\users\guestlyon\source\repos\sfml_project_shoot_m_up\sfml_project_shoot_m_up\x64\debug\controller.obj
c:\users\guestlyon\source\repos\sfml_project_shoot_m_up\x64\debug\sfml_project_shoot_m_up.exe
c:\users\guestlyon\source\repos\sfml_project_shoot_m_up\x64\debug\sfml_project_shoot_m_up.pdb
c:\users\guestlyon\source\repos\sfml_project_shoot_m_up\sfml_project_shoot_m_up\x64\debug\sfml_project_shoot_m_up.res
c:\users\guestlyon\source\repos\sfml_project_shoot_m_up\sfml_project_shoot_m_up\x64\debug\sfml_project_shoot_m_up.ilk
c:\users\guestlyon\source\repos\sfml_project_shoot_m_up\sfml_project_shoot_m_up\x64\debug\sfml_pro.ec147733.tlog\cl.command.1.tlog
c:\users\guestlyon\source\repos\sfml_project_shoot_m_up\sfml_project_shoot_m_up\x64\debug\sfml_pro.ec147733.tlog\cl.items.tlog
c:\users\guestlyon\source\repos\sfml_project_shoot_m_up\sfml_project_shoot_m_up\x64\debug\sfml_pro.ec147733.tlog\cl.read.1.tlog
c:\users\guestlyon\source\repos\sfml_project_shoot_m_up\sfml_project_shoot_m_up\x64\debug\sfml_pro.ec147733.tlog\cl.write.1.tlog
c:\users\guestlyon\source\repos\sfml_project_shoot_m_up\sfml_project_shoot_m_up\x64\debug\sfml_pro.ec147733.tlog\link.command.1.tlog
c:\users\guestlyon\source\repos\sfml_project_shoot_m_up\sfml_project_shoot_m_up\x64\debug\sfml_pro.ec147733.tlog\link.read.1.tlog
c:\users\guestlyon\source\repos\sfml_project_shoot_m_up\sfml_project_shoot_m_up\x64\debug\sfml_pro.ec147733.tlog\link.secondary.1.tlog
c:\users\guestlyon\source\repos\sfml_project_shoot_m_up\sfml_project_shoot_m_up\x64\debug\sfml_pro.ec147733.tlog\link.write.1.tlog
c:\users\guestlyon\source\repos\sfml_project_shoot_m_up\sfml_project_shoot_m_up\x64\debug\sfml_pro.ec147733.tlog\rc.command.1.tlog
c:\users\guestlyon\source\repos\sfml_project_shoot_m_up\sfml_project_shoot_m_up\x64\debug\sfml_pro.ec147733.tlog\rc.read.1.tlog
c:\users\guestlyon\source\repos\sfml_project_shoot_m_up\sfml_project_shoot_m_up\x64\debug\sfml_pro.ec147733.tlog\rc.write.1.tlog
